[0.000000] (-) TimerEvent: {}
[0.002552] (-) JobUnselected: {'identifier': 'foxglove_bridge'}
[0.003387] (-) JobUnselected: {'identifier': 'my_dif_bot_bringup'}
[0.004569] (-) JobUnselected: {'identifier': 'my_dif_bot_control'}
[0.004832] (-) JobUnselected: {'identifier': 'robot_camera'}
[0.004985] (-) JobUnselected: {'identifier': 'robot_cv'}
[0.005143] (-) JobUnselected: {'identifier': 'rplidar_ros'}
[0.005295] (my_dif_bot_description) JobQueued: {'identifier': 'my_dif_bot_description', 'dependencies': OrderedDict()}
[0.005423] (my_dif_bot_description) JobStarted: {'identifier': 'my_dif_bot_description'}
[0.098958] (-) TimerEvent: {}
[0.200844] (-) TimerEvent: {}
[0.301759] (-) TimerEvent: {}
[0.402553] (-) TimerEvent: {}
[0.503484] (-) TimerEvent: {}
[0.604579] (-) TimerEvent: {}
[0.705746] (-) TimerEvent: {}
[0.806550] (-) TimerEvent: {}
[0.907236] (-) TimerEvent: {}
[1.008669] (-) TimerEvent: {}
[1.110307] (-) TimerEvent: {}
[1.211534] (-) TimerEvent: {}
[1.312313] (-) TimerEvent: {}
[1.413015] (-) TimerEvent: {}
[1.514143] (-) TimerEvent: {}
[1.615275] (-) TimerEvent: {}
[1.721149] (-) TimerEvent: {}
[1.823706] (-) TimerEvent: {}
[1.927504] (-) TimerEvent: {}
[2.030018] (-) TimerEvent: {}
[2.133035] (-) TimerEvent: {}
[2.234668] (-) TimerEvent: {}
[2.335818] (-) TimerEvent: {}
[2.438510] (-) TimerEvent: {}
[2.539380] (-) TimerEvent: {}
[2.640083] (-) TimerEvent: {}
[2.745172] (-) TimerEvent: {}
[2.851376] (-) TimerEvent: {}
[2.952415] (-) TimerEvent: {}
[3.053307] (-) TimerEvent: {}
[3.153959] (-) TimerEvent: {}
[3.255157] (-) TimerEvent: {}
[3.356167] (-) TimerEvent: {}
[3.456832] (-) TimerEvent: {}
[3.557680] (-) TimerEvent: {}
[3.658444] (-) TimerEvent: {}
[3.759152] (-) TimerEvent: {}
[3.860190] (-) TimerEvent: {}
[3.962140] (-) TimerEvent: {}
[4.064587] (-) TimerEvent: {}
[4.166016] (-) TimerEvent: {}
[4.266953] (-) TimerEvent: {}
[4.367871] (-) TimerEvent: {}
[4.468725] (-) TimerEvent: {}
[4.570078] (-) TimerEvent: {}
[4.671003] (-) TimerEvent: {}
[4.772295] (-) TimerEvent: {}
[4.872994] (-) TimerEvent: {}
[4.974120] (-) TimerEvent: {}
[5.075284] (-) TimerEvent: {}
[5.176116] (-) TimerEvent: {}
[5.277123] (-) TimerEvent: {}
[5.377836] (-) TimerEvent: {}
[5.479144] (-) TimerEvent: {}
[5.580942] (-) TimerEvent: {}
[5.681823] (-) TimerEvent: {}
[5.786348] (-) TimerEvent: {}
[5.890599] (-) TimerEvent: {}
[5.991295] (-) TimerEvent: {}
[6.091926] (-) TimerEvent: {}
[6.192747] (-) TimerEvent: {}
[6.293656] (-) TimerEvent: {}
[6.395370] (-) TimerEvent: {}
[6.496406] (-) TimerEvent: {}
[6.597167] (-) TimerEvent: {}
[6.698155] (-) TimerEvent: {}
[6.804219] (-) TimerEvent: {}
[6.909616] (-) TimerEvent: {}
[6.914707] (my_dif_bot_description) StderrLine: {'line': b'Traceback (most recent call last):\n  File "/usr/lib/python3/dist-packages/colcon_parallel_executor/executor/parallel.py", line 75, in execute\n    loop.run_until_complete(future)\n  File "/usr/lib/python3.12/asyncio/base_events.py", line 674, in run_until_complete\n    self.run_forever()\n  File "/usr/lib/python3.12/asyncio/base_events.py", line 641, in run_forever\n    self._run_once()\n  File "/usr/lib/python3.12/asyncio/base_events.py", line 1949, in _run_once\n    event_list = self._selector.select(timeout)\n                 ^^^^^^^^^^^^^^^^^^^^^^^^^^^^^^\n  File "/usr/lib/python3.12/selectors.py", line 468, in select\n    fd_event_list = self._selector.poll(timeout, max_ev)\n                    ^^^^^^^^^^^^^^^^^^^^^^^^^^^^^^^^^^^^\nKeyboardInterrupt\n\nDuring handling of the above exception, another exception occurred:\n\nTraceback (most recent call last):\n  File "/usr/lib/python3/dist-packages/colcon_core/executor/__init__.py", line 91, in __call__\n    rc = await self.task(*args, **kwargs)\n         ^^^^^^^^^^^^^^^^^^^^^^^^^^^^^^^^\n  File "/usr/lib/python3/dist-packages/colcon_core/task/__init__.py", line 93, in __call__\n    return await task_method(*args, **kwargs)\n           ^^^^^^^^^^^^^^^^^^^^^^^^^^^^^^^^^^\n  File "/usr/lib/python3/dist-packages/colcon_ros/task/ament_python/build.py", line 102, in build\n    return await extension.build(additional_hooks=additional_hooks)\n           ^^^^^^^^^^^^^^^^^^^^^^^^^^^^^^^^^^^^^^^^^^^^^^^^^^^^^^^^\n  File "/usr/lib/python3/dist-packages/colcon_core/task/python/build.py", line 96, in build\n    available_commands = await self._get_available_commands(\n                         ^^^^^^^^^^^^^^^^^^^^^^^^^^^^^^^^^^^\n  File "/usr/lib/python3/dist-packages/colcon_core/task/python/build.py", line 194, in _get_available_commands\n    output = await check_output(\n             ^^^^^^^^^^^^^^^^^^^\n  File "/usr/lib/python3/dist-packages/colcon_core/subprocess.py", line 129, in check_output\n    assert not rc, f\'Expected {args} to pass: {stderr_data}\'\n           ^^^^^^\nAssertionError: Expected [\'/usr/bin/python3\', \'-W\', \'ignore:setup.py install is deprecated\', \'-W\', \'ignore:easy_install command is deprecated\', \'setup.py\', \'--help-commands\'] to pass: \n'}
[6.919506] (my_dif_bot_description) JobEnded: {'identifier': 'my_dif_bot_description', 'rc': 'SIGINT'}
[6.927457] (-) EventReactorShutdown: {}
